[debug] [2022-06-02T05:02:28.780Z] ----------------------------------------------------------------------
[debug] [2022-06-02T05:02:28.781Z] Command:       /usr/local/bin/firebase /Users/h.andrabi/.cache/firebase/tools/lib/node_modules/firebase-tools/lib/bin/firebase deploy
[debug] [2022-06-02T05:02:28.781Z] CLI Version:   10.2.2
[debug] [2022-06-02T05:02:28.781Z] Platform:      darwin
[debug] [2022-06-02T05:02:28.782Z] Node Version:  v12.18.1
[debug] [2022-06-02T05:02:28.784Z] Time:          Thu Jun 02 2022 15:02:28 GMT+1000 (Australian Eastern Standard Time)
[debug] [2022-06-02T05:02:28.784Z] ----------------------------------------------------------------------
[debug] 
[debug] [2022-06-02T05:02:28.788Z] >>> [apiv2][query] GET https://firebase-public.firebaseio.com/cli.json [none]
[debug] [2022-06-02T05:02:28.845Z] > command requires scopes: ["email","openid","https://www.googleapis.com/auth/cloudplatformprojects.readonly","https://www.googleapis.com/auth/firebase","https://www.googleapis.com/auth/cloud-platform"]
[debug] [2022-06-02T05:02:28.845Z] > authorizing via signed-in user (populationinterventions@gmail.com)
[debug] [2022-06-02T05:02:28.845Z] [iam] checking project covid-victoria for permissions ["firebase.projects.get","firebasehosting.sites.update"]
[debug] [2022-06-02T05:02:28.846Z] > refreshing access token with scopes: []
[debug] [2022-06-02T05:02:28.847Z] >>> HTTP REQUEST POST https://www.googleapis.com/oauth2/v3/token  
 <request body omitted>
[debug] [2022-06-02T05:02:29.169Z] <<< HTTP RESPONSE 200 {"expires":"Mon, 01 Jan 1990 00:00:00 GMT","date":"Thu, 02 Jun 2022 05:02:29 GMT","cache-control":"no-cache, no-store, max-age=0, must-revalidate","pragma":"no-cache","content-type":"application/json; charset=utf-8","vary":"X-Origin, Referer, Origin,Accept-Encoding","server":"scaffolding on HTTPServer2","x-xss-protection":"0","x-frame-options":"SAMEORIGIN","x-content-type-options":"nosniff","alt-svc":"h3=\":443\"; ma=2592000,h3-29=\":443\"; ma=2592000,h3-Q050=\":443\"; ma=2592000,h3-Q046=\":443\"; ma=2592000,h3-Q043=\":443\"; ma=2592000,quic=\":443\"; ma=2592000; v=\"46,43\"","accept-ranges":"none","transfer-encoding":"chunked"}
[debug] [2022-06-02T05:02:29.220Z] >>> [apiv2][query] POST https://cloudresourcemanager.googleapis.com/v1/projects/covid-victoria:testIamPermissions [none]
[debug] [2022-06-02T05:02:29.220Z] >>> [apiv2][body] POST https://cloudresourcemanager.googleapis.com/v1/projects/covid-victoria:testIamPermissions {"permissions":["firebase.projects.get","firebasehosting.sites.update"]}
[debug] [2022-06-02T05:02:29.566Z] <<< [apiv2][status] GET https://firebase-public.firebaseio.com/cli.json 200
[debug] [2022-06-02T05:02:29.567Z] <<< [apiv2][body] GET https://firebase-public.firebaseio.com/cli.json {"cloudBuildErrorAfter":1594252800000,"cloudBuildWarnAfter":1590019200000,"defaultNode10After":1594252800000,"minVersion":"3.0.5","node8DeploysDisabledAfter":1613390400000,"node8RuntimeDisabledAfter":1615809600000,"node8WarnAfter":1600128000000}
[debug] [2022-06-02T05:02:30.405Z] <<< [apiv2][status] POST https://cloudresourcemanager.googleapis.com/v1/projects/covid-victoria:testIamPermissions 200
[debug] [2022-06-02T05:02:30.405Z] <<< [apiv2][body] POST https://cloudresourcemanager.googleapis.com/v1/projects/covid-victoria:testIamPermissions {}
[debug] [2022-06-02T05:02:30.407Z] [iam] error while checking permissions, command may fail: FirebaseError: Authorization failed. This account is missing the following required permissions on project covid-victoria:

  firebase.projects.get
  firebasehosting.sites.update
[debug] [2022-06-02T05:02:30.409Z] >>> [apiv2][query] GET https://firebase.googleapis.com/v1beta1/projects/covid-victoria [none]
[debug] [2022-06-02T05:02:31.018Z] <<< [apiv2][status] GET https://firebase.googleapis.com/v1beta1/projects/covid-victoria 403
[debug] [2022-06-02T05:02:31.019Z] <<< [apiv2][body] GET https://firebase.googleapis.com/v1beta1/projects/covid-victoria {"error":{"code":403,"message":"The caller does not have permission","status":"PERMISSION_DENIED"}}
[debug] [2022-06-02T05:02:31.021Z] HTTP Error: 403, The caller does not have permission
[debug] [2022-06-02T05:02:31.292Z] FirebaseError: HTTP Error: 403, The caller does not have permission
    at module.exports (/Users/h.andrabi/.cache/firebase/tools/lib/node_modules/firebase-tools/lib/responseToError.js:47:12)
    at RetryOperation._fn (/Users/h.andrabi/.cache/firebase/tools/lib/node_modules/firebase-tools/lib/apiv2.js:286:39)
    at processTicksAndRejections (internal/process/task_queues.js:97:5)
[error] 
[error] Error: Failed to get Firebase project covid-victoria. Please make sure the project exists and your account has permission to access it.
